<?xml version="1.0" encoding="UTF-8"?>
<!-- Generated by org.testng.reporters.JUnitReportReporter -->
<testsuite skipped="0" hostname="PTL014311" name="cucumberOptions.TestNGRunner" tests="6" failures="0" timestamp="2021-06-22T11:45:49 IST" time="66.267" errors="0">
  <testcase name="runScenario" time="13.133" classname="cucumberOptions.TestNGRunner"/>
  <system-out/>
  <testcase name="runScenario" time="7.722" classname="cucumberOptions.TestNGRunner"/>
  <system-out/>
  <testcase name="runScenario" time="7.435" classname="cucumberOptions.TestNGRunner"/>
  <system-out/>
  <testcase name="runScenario" time="16.145" classname="cucumberOptions.TestNGRunner"/>
  <system-out/>
  <testcase name="runScenario" time="14.292" classname="cucumberOptions.TestNGRunner"/>
  <system-out/>
  <testcase name="runScenario" time="7.540" classname="cucumberOptions.TestNGRunner"/>
  <system-out/>
</testsuite> <!-- cucumberOptions.TestNGRunner -->
