<?xml version="1.0" encoding="UTF-8"?>
<!-- Generated by org.testng.reporters.JUnitReportReporter -->
<testsuite skipped="0" hostname="PTL014311" name="scripts.SMELoans.LoginTest" tests="2" failures="0" timestamp="2021-06-16T16:29:31 IST" time="8.136" errors="0">
  <testcase name="login" time="7.777" classname="scripts.SMELoans.LoginTest"/>
  <system-out/>
  <testcase name="logout" time="0.359" classname="scripts.SMELoans.LoginTest"/>
  <system-out/>
</testsuite> <!-- scripts.SMELoans.LoginTest -->
