<?xml version="1.0" encoding="UTF-8"?>
<!-- Generated by org.testng.reporters.JUnitReportReporter -->
<testsuite skipped="0" hostname="PTL014311" name="cucumberOptions.TestRunner" tests="1" failures="0" timestamp="2021-06-17T14:42:52 IST" time="26.067" errors="0">
  <testcase name="feature" time="26.067" classname="cucumberOptions.TestRunner"/>
  <system-out/>
</testsuite> <!-- cucumberOptions.TestRunner -->
